support_library_demo/app/build/outputs/logs/manifest-merger-debug-report.txt
-- Merging decision tree log ---
manifest
ADDED from src/main/AndroidManifest.xml:2:1-90:12
	package
		ADDED from src/main/AndroidManifest.xml:5:5-48
		INJECTED from src/main/AndroidManifest.xml
		INJECTED from src/main/AndroidManifest.xml
	android:versionName
		INJECTED from src/main/AndroidManifest.xml
		INJECTED from src/main/AndroidManifest.xml
	xmlns:tools
		ADDED from src/main/AndroidManifest.xml:3:2-48
	xmlns:android
		ADDED from src/main/AndroidManifest.xml:2:11-69
	android:versionCode
		INJECTED from src/main/AndroidManifest.xml
		INJECTED from src/main/AndroidManifest.xml
uses-permission#android.permission.SEND_SMS
ADDED from src/main/AndroidManifest.xml:6:2-64
	android:name
		ADDED from src/main/AndroidManifest.xml:6:19-61
uses-permission#android.permission.INTERNET
ADDED from src/main/AndroidManifest.xml:7:2-64
	android:name
		ADDED from src/main/AndroidManifest.xml:7:19-61
uses-permission#android.permission.ACCESS_WIFI_STATE
ADDED from src/main/AndroidManifest.xml:8:2-72
	android:name
		ADDED from src/main/AndroidManifest.xml:8:19-70
uses-permission#android.permission.WRITE_EXTERNAL_STORAGE
ADDED from src/main/AndroidManifest.xml:9:2-94
	android:name
		ADDED from src/main/AndroidManifest.xml:9:19-75
uses-permission#android.permission.MOUNT_UNMOUNT_FILESYSTEMS
ADDED from src/main/AndroidManifest.xml:11:2-97
	android:name
		ADDED from src/main/AndroidManifest.xml:11:19-78
uses-permission#android.permission.ACCESS_NETWORK_STATE
ADDED from src/main/AndroidManifest.xml:12:2-76
	android:name
		ADDED from src/main/AndroidManifest.xml:12:19-73
uses-permission#android.permission.READ_PHONE_STATE
ADDED from src/main/AndroidManifest.xml:13:2-89
	android:name
		ADDED from src/main/AndroidManifest.xml:13:19-69
uses-permission#android.permission.SYSTEM_ALERT_WINDOW
ADDED from src/main/AndroidManifest.xml:14:2-74
	android:name
		ADDED from src/main/AndroidManifest.xml:14:19-72
uses-feature#android.hardware.camera
ADDED from src/main/AndroidManifest.xml:15:2-56
	android:name
		ADDED from src/main/AndroidManifest.xml:15:16-54
uses-feature#android.hardware.camera.autofocus
ADDED from src/main/AndroidManifest.xml:16:2-66
	android:name
		ADDED from src/main/AndroidManifest.xml:16:16-64
uses-permission#android.permission.CAMERA
ADDED from src/main/AndroidManifest.xml:17:2-61
	android:name
		ADDED from src/main/AndroidManifest.xml:17:19-59
uses-permission#android.permission.RECORD_AUDIO
ADDED from src/main/AndroidManifest.xml:18:2-68
	android:name
		ADDED from src/main/AndroidManifest.xml:18:19-65
uses-permission#android.permission.RECORD_VIDEO
ADDED from src/main/AndroidManifest.xml:19:2-68
	android:name
		ADDED from src/main/AndroidManifest.xml:19:19-65
application
ADDED from src/main/AndroidManifest.xml:22:5-88:19
MERGED from [com.android.support:cardview-v7:23.4.0] AndroidManifest.xml:22:5-20
MERGED from [com.android.support:support-v4:23.4.0] AndroidManifest.xml:22:5-20
MERGED from [com.android.support:cardview-v7:23.4.0] AndroidManifest.xml:22:5-20
MERGED from [com.android.support:appcompat-v7:23.4.0] AndroidManifest.xml:25:5-20
MERGED from [com.android.support:animated-vector-drawable:23.4.0] AndroidManifest.xml:7:5-20
MERGED from [com.android.support:support-vector-drawable:23.4.0] AndroidManifest.xml:7:5-20
MERGED from [com.android.support:support-v4:23.4.0] AndroidManifest.xml:22:5-20
MERGED from [com.android.support:support-v4:23.4.0] AndroidManifest.xml:22:5-20
MERGED from [com.android.support:support-vector-drawable:23.4.0] AndroidManifest.xml:7:5-20
MERGED from [com.android.support:support-v4:23.4.0] AndroidManifest.xml:22:5-20
MERGED from [com.android.support:design:23.4.0] AndroidManifest.xml:22:5-20
MERGED from [com.android.support:support-v4:23.4.0] AndroidManifest.xml:22:5-20
MERGED from [com.android.support:appcompat-v7:23.4.0] AndroidManifest.xml:25:5-20
MERGED from [com.android.support:animated-vector-drawable:23.4.0] AndroidManifest.xml:7:5-20
MERGED from [com.android.support:support-vector-drawable:23.4.0] AndroidManifest.xml:7:5-20
MERGED from [com.android.support:support-v4:23.4.0] AndroidManifest.xml:22:5-20
MERGED from [com.android.support:support-v4:23.4.0] AndroidManifest.xml:22:5-20
MERGED from [com.android.support:support-vector-drawable:23.4.0] AndroidManifest.xml:7:5-20
MERGED from [com.android.support:support-v4:23.4.0] AndroidManifest.xml:22:5-20
MERGED from [com.android.support:support-v4:23.4.0] AndroidManifest.xml:22:5-20
MERGED from [com.android.support:support-v4:23.4.0] AndroidManifest.xml:22:5-20
	android:label
		ADDED from src/main/AndroidManifest.xml:25:9-41
	android:allowBackup
		ADDED from src/main/AndroidManifest.xml:23:9-35
	android:icon
		ADDED from src/main/AndroidManifest.xml:24:9-45
	android:theme
		ADDED from src/main/AndroidManifest.xml:26:9-40
activity#com.yanbober.support_library_demo.Login_
ADDED from src/main/AndroidManifest.xml:27:9-35:20
	android:label
		ADDED from src/main/AndroidManifest.xml:29:13-33
	android:name
		ADDED from src/main/AndroidManifest.xml:28:13-68
intent-filter#android.intent.action.MAIN+android.intent.category.LAUNCHER
ADDED from src/main/AndroidManifest.xml:30:13-34:29
action#android.intent.action.MAIN
ADDED from src/main/AndroidManifest.xml:31:17-69
	android:name
		ADDED from src/main/AndroidManifest.xml:31:25-66
category#android.intent.category.LAUNCHER
ADDED from src/main/AndroidManifest.xml:33:17-77
	android:name
		ADDED from src/main/AndroidManifest.xml:33:27-74
activity#com.yanbober.support_library_demo.Message_c
ADDED from src/main/AndroidManifest.xml:36:3-37:52
	android:label
		ADDED from src/main/AndroidManifest.xml:37:13-40
	android:name
		ADDED from src/main/AndroidManifest.xml:36:13-38
activity#com.yanbober.support_library_demo.Paid_Video
ADDED from src/main/AndroidManifest.xml:38:3-39:59
	android:label
		ADDED from src/main/AndroidManifest.xml:39:13-47
	android:name
		ADDED from src/main/AndroidManifest.xml:38:13-39
activity#com.yanbober.support_library_demo.Collect_
ADDED from src/main/AndroidManifest.xml:40:3-41:59
	android:label
		ADDED from src/main/AndroidManifest.xml:41:13-47
	android:name
		ADDED from src/main/AndroidManifest.xml:40:13-37
activity#com.yanbober.support_library_demo.Balance_
ADDED from src/main/AndroidManifest.xml:42:3-43:58
	android:label
		ADDED from src/main/AndroidManifest.xml:43:13-46
	android:name
		ADDED from src/main/AndroidManifest.xml:42:13-37
activity#com.yanbober.support_library_demo.My_Video_
ADDED from src/main/AndroidManifest.xml:44:3-45:58
	android:label
		ADDED from src/main/AndroidManifest.xml:45:13-46
	android:name
		ADDED from src/main/AndroidManifest.xml:44:13-38
activity#com.yanbober.support_library_demo.Setting_
ADDED from src/main/AndroidManifest.xml:46:3-47:57
	android:label
		ADDED from src/main/AndroidManifest.xml:47:13-45
	android:name
		ADDED from src/main/AndroidManifest.xml:46:13-37
activity#com.yanbober.support_library_demo.Modify_Name_
ADDED from src/main/AndroidManifest.xml:48:3-49:58
	android:label
		ADDED from src/main/AndroidManifest.xml:49:13-46
	android:name
		ADDED from src/main/AndroidManifest.xml:48:13-41
activity#com.yanbober.support_library_demo.Modify_Password_
ADDED from src/main/AndroidManifest.xml:50:3-51:58
	android:label
		ADDED from src/main/AndroidManifest.xml:51:13-46
	android:name
		ADDED from src/main/AndroidManifest.xml:50:13-45
activity#com.yanbober.support_library_demo.Set_Pay_pwd_
ADDED from src/main/AndroidManifest.xml:52:3-53:64
	android:label
		ADDED from src/main/AndroidManifest.xml:53:13-52
	android:name
		ADDED from src/main/AndroidManifest.xml:52:13-41
activity#com.yanbober.support_library_demo.Pay_Complete_
ADDED from src/main/AndroidManifest.xml:54:3-55:59
	android:label
		ADDED from src/main/AndroidManifest.xml:55:13-47
	android:name
		ADDED from src/main/AndroidManifest.xml:54:13-42
activity#com.yanbober.support_library_demo.Personal_
ADDED from src/main/AndroidManifest.xml:56:3-57:54
	android:label
		ADDED from src/main/AndroidManifest.xml:57:13-42
	android:name
		ADDED from src/main/AndroidManifest.xml:56:13-38
activity#com.yanbober.support_library_demo.Run_Video_
ADDED from src/main/AndroidManifest.xml:58:3-59:58
	android:label
		ADDED from src/main/AndroidManifest.xml:59:13-46
	android:name
		ADDED from src/main/AndroidManifest.xml:58:13-39
activity#com.yanbober.support_library_demo.Round_Video_
ADDED from src/main/AndroidManifest.xml:60:3-61:60
	android:label
		ADDED from src/main/AndroidManifest.xml:61:13-48
	android:name
		ADDED from src/main/AndroidManifest.xml:60:13-41
activity#com.yanbober.support_library_demo.MainActivity
ADDED from src/main/AndroidManifest.xml:62:3-63:49
	android:label
		ADDED from src/main/AndroidManifest.xml:63:4-37
	android:name
		ADDED from src/main/AndroidManifest.xml:62:13-41
activity#com.yanbober.support_library_demo.Send_random_
ADDED from src/main/AndroidManifest.xml:64:3-65:49
	android:label
		ADDED from src/main/AndroidManifest.xml:65:4-37
	android:name
		ADDED from src/main/AndroidManifest.xml:64:13-41
activity#com.yanbober.support_library_demo.Register_sucess_Message_
ADDED from src/main/AndroidManifest.xml:66:3-67:49
	android:label
		ADDED from src/main/AndroidManifest.xml:67:4-37
	android:name
		ADDED from src/main/AndroidManifest.xml:66:13-53
activity#com.yanbober.support_library_demo.Register_
ADDED from src/main/AndroidManifest.xml:68:3-69:47
	android:label
		ADDED from src/main/AndroidManifest.xml:69:4-35
	android:name
		ADDED from src/main/AndroidManifest.xml:68:13-38
activity#com.yanbober.support_library_demo.SubActivity
ADDED from src/main/AndroidManifest.xml:72:3-73:47
	android:label
		ADDED from src/main/AndroidManifest.xml:73:13-35
	android:name
		ADDED from src/main/AndroidManifest.xml:72:13-40
activity#com.yanbober.support_library_demo.Home
ADDED from src/main/AndroidManifest.xml:74:3-35
	android:name
		ADDED from src/main/AndroidManifest.xml:74:13-33
activity#com.yanbober.support_library_demo.MenuWithFABActivity
ADDED from src/main/AndroidManifest.xml:75:3-82:20
	android:label
		ADDED from src/main/AndroidManifest.xml:77:13-33
	android:parentActivityName
		ADDED from src/main/AndroidManifest.xml:78:13-55
	android:name
		ADDED from src/main/AndroidManifest.xml:76:13-48
meta-data#android.support.PARENT_ACTIVITY
ADDED from src/main/AndroidManifest.xml:79:13-81:95
	android:value
		ADDED from src/main/AndroidManifest.xml:81:17-92
	android:name
		ADDED from src/main/AndroidManifest.xml:80:17-63
service#com.yanbober.support_library_demo.SystemOverlayMenuService
ADDED from src/main/AndroidManifest.xml:83:3-87:19
	android:enabled
		ADDED from src/main/AndroidManifest.xml:85:13-35
	android:exported
		ADDED from src/main/AndroidManifest.xml:86:13-36
	android:name
		ADDED from src/main/AndroidManifest.xml:84:13-53
uses-sdk
INJECTED from src/main/AndroidManifest.xml reason: use-sdk injection requested
MERGED from [com.android.support:cardview-v7:23.4.0] AndroidManifest.xml:20:5-43
MERGED from [com.android.support:recyclerview-v7:23.4.0] AndroidManifest.xml:20:5-43
MERGED from [com.android.support:support-v4:23.4.0] AndroidManifest.xml:20:5-43
MERGED from [com.android.support:cardview-v7:23.4.0] AndroidManifest.xml:20:5-43
MERGED from [com.android.support:appcompat-v7:23.4.0] AndroidManifest.xml:21:5-23:78
MERGED from [com.android.support:animated-vector-drawable:23.4.0] AndroidManifest.xml:5:5-44
MERGED from [com.android.support:support-vector-drawable:23.4.0] AndroidManifest.xml:5:5-43
MERGED from [com.android.support:support-v4:23.4.0] AndroidManifest.xml:20:5-43
MERGED from [com.android.support:support-v4:23.4.0] AndroidManifest.xml:20:5-43
MERGED from [com.android.support:support-vector-drawable:23.4.0] AndroidManifest.xml:5:5-43
MERGED from [com.android.support:support-v4:23.4.0] AndroidManifest.xml:20:5-43
MERGED from [com.android.support:design:23.4.0] AndroidManifest.xml:20:5-43
MERGED from [com.android.support:recyclerview-v7:23.4.0] AndroidManifest.xml:20:5-43
MERGED from [com.android.support:support-v4:23.4.0] AndroidManifest.xml:20:5-43
MERGED from [com.android.support:appcompat-v7:23.4.0] AndroidManifest.xml:21:5-23:78
MERGED from [com.android.support:animated-vector-drawable:23.4.0] AndroidManifest.xml:5:5-44
MERGED from [com.android.support:support-vector-drawable:23.4.0] AndroidManifest.xml:5:5-43
MERGED from [com.android.support:support-v4:23.4.0] AndroidManifest.xml:20:5-43
MERGED from [com.android.support:support-v4:23.4.0] AndroidManifest.xml:20:5-43
MERGED from [com.android.support:support-vector-drawable:23.4.0] AndroidManifest.xml:5:5-43
MERGED from [com.android.support:support-v4:23.4.0] AndroidManifest.xml:20:5-43
MERGED from [com.android.support:support-v4:23.4.0] AndroidManifest.xml:20:5-43
MERGED from [com.android.support:support-v4:23.4.0] AndroidManifest.xml:20:5-43
	tools:overrideLibrary
		ADDED from [com.android.support:appcompat-v7:23.4.0] AndroidManifest.xml:23:9-75
	android:targetSdkVersion
		INJECTED from src/main/AndroidManifest.xml
		INJECTED from src/main/AndroidManifest.xml
	android:minSdkVersion
		INJECTED from src/main/AndroidManifest.xml
		INJECTED from src/main/AndroidManifest.xml